[2016-08-07 13:12:18]	Open file failed 
[2016-08-07 13:12:18]	D:\NLPIR\feedback\huawei\5341\5341\产经广场\2012\5\16766.txt
[2016-08-07 13:15:27]	Open file failed 
[2016-08-07 13:15:27]	D:\NLPIR\feedback\huawei\5341\5341\产经广场\2012\5\16766.txt
[2016-08-07 13:15:35]	Open file failed 
[2016-08-07 13:15:35]	D:\NLPIR\feedback\huawei\5341\5341\产经广场\2012\5\16766.txt
[2016-08-07 13:17:42]	Open file failed 
[2016-08-07 13:17:42]	D:\NLPIR\feedback\huawei\5341\5341\产经广场\2012\5\16766.txt
[2016-08-07 13:20:16]	Open file failed 
[2016-08-07 13:20:16]	D:\NLPIR\feedback\huawei\5341\5341\产经广场\2012\5\16766.txt
[2016-08-07 13:20:34]	Open file failed 
[2016-08-07 13:20:34]	D:\NLPIR\feedback\huawei\5341\5341\产经广场\2012\5\16766.txt
[2016-08-07 13:20:52]	Open file failed 
[2016-08-07 13:20:52]	D:\NLPIR\feedback\huawei\5341\5341\产经广场\2012\5\16766.txt
[2016-08-07 13:21:18]	Open file failed 
[2016-08-07 13:21:18]	D:\NLPIR\feedback\huawei\5341\5341\产经广场\2012\5\16766.txt
[2016-08-07 13:24:04]	Open file failed 
[2016-08-07 13:24:04]	D:\NLPIR\feedback\huawei\5341\5341\产经广场\2012\5\16766.txt
[2016-08-07 13:24:17]	Open file failed 
[2016-08-07 13:24:17]	D:\NLPIR\feedback\huawei\5341\5341\产经广场\2012\5\16766.txt
[2016-08-07 13:24:30]	Open file failed 
[2016-08-07 13:24:30]	D:\NLPIR\feedback\huawei\5341\5341\产经广场\2012\5\16766.txt
[2016-08-07 13:24:42]	Open file failed 
[2016-08-07 13:24:42]	D:\NLPIR\feedback\huawei\5341\5341\产经广场\2012\5\16766.txt
[2016-08-07 13:27:31]	Open file failed 
[2016-08-07 13:27:31]	D:\NLPIR\feedback\huawei\5341\5341\产经广场\2012\5\16766.txt
[2016-08-07 13:27:50]	Open file failed 
[2016-08-07 13:27:50]	D:\NLPIR\feedback\huawei\5341\5341\产经广场\2012\5\16766.txt
[2016-08-07 13:28:11]	Open file failed 
[2016-08-07 13:28:11]	D:\NLPIR\feedback\huawei\5341\5341\产经广场\2012\5\16766.txt
[2016-08-07 13:30:38]	Open file failed 
[2016-08-07 13:30:38]	D:\NLPIR\feedback\huawei\5341\5341\产经广场\2012\5\16766.txt
[2016-08-07 13:30:49]	Open file failed 
[2016-08-07 13:30:49]	D:\NLPIR\feedback\huawei\5341\5341\产经广场\2012\5\16766.txt
[2016-08-07 15:17:04]	Open file failed 
[2016-08-07 15:17:04]	D:\NLPIR\feedback\huawei\5341\5341\产经广场\2012\5\16766.txt
[2016-08-07 15:17:34]	Open file failed 
[2016-08-07 15:17:34]	D:\NLPIR\feedback\huawei\5341\5341\产经广场\2012\5\16766.txt
[2016-08-07 15:18:03]	Open file failed 
[2016-08-07 15:18:03]	D:\NLPIR\feedback\huawei\5341\5341\产经广场\2012\5\16766.txt
[2016-08-07 15:18:20]	Open file failed 
[2016-08-07 15:18:20]	D:\NLPIR\feedback\huawei\5341\5341\产经广场\2012\5\16766.txt
[2016-08-07 15:20:36]	Open file failed 
[2016-08-07 15:20:36]	D:\NLPIR\feedback\huawei\5341\5341\产经广场\2012\5\16766.txt
[2016-08-07 15:21:12]	Open file failed 
[2016-08-07 15:21:12]	D:\NLPIR\feedback\huawei\5341\5341\产经广场\2012\5\16766.txt
[2016-08-07 15:21:27]	Open file failed 
[2016-08-07 15:21:27]	D:\NLPIR\feedback\huawei\5341\5341\产经广场\2012\5\16766.txt
[2016-08-07 15:28:16]	Open file failed 
[2016-08-07 15:28:16]	D:\NLPIR\feedback\huawei\5341\5341\产经广场\2012\5\16766.txt
[2016-08-07 15:28:39]	Open file failed 
[2016-08-07 15:28:39]	D:\NLPIR\feedback\huawei\5341\5341\产经广场\2012\5\16766.txt
[2016-08-07 15:28:51]	Open file failed 
[2016-08-07 15:28:51]	D:\NLPIR\feedback\huawei\5341\5341\产经广场\2012\5\16766.txt
[2016-08-07 15:29:08]	Open file failed 
[2016-08-07 15:29:08]	D:\NLPIR\feedback\huawei\5341\5341\产经广场\2012\5\16766.txt
[2016-08-07 15:29:23]	Open file failed 
[2016-08-07 15:29:23]	D:\NLPIR\feedback\huawei\5341\5341\产经广场\2012\5\16766.txt
[2016-08-07 15:29:55]	Open file failed 
[2016-08-07 15:29:55]	D:\NLPIR\feedback\huawei\5341\5341\产经广场\2012\5\16766.txt
[2016-08-07 15:30:16]	Open file failed 
[2016-08-07 15:30:16]	D:\NLPIR\feedback\huawei\5341\5341\产经广场\2012\5\16766.txt
[2016-08-07 15:30:24]	Open file failed 
[2016-08-07 15:30:24]	D:\NLPIR\feedback\huawei\5341\5341\产经广场\2012\5\16766.txt
[2016-08-07 15:30:58]	Open file failed 
[2016-08-07 15:30:58]	D:\NLPIR\feedback\huawei\5341\5341\产经广场\2012\5\16766.txt
[2016-08-07 15:31:24]	Open file failed 
[2016-08-07 15:31:24]	D:\NLPIR\feedback\huawei\5341\5341\产经广场\2012\5\16766.txt
[2016-08-07 15:32:13]	Open file failed 
[2016-08-07 15:32:13]	D:\NLPIR\feedback\huawei\5341\5341\产经广场\2012\5\16766.txt
[2016-08-07 15:37:25]	Open file failed 
[2016-08-07 15:37:25]	D:\NLPIR\feedback\huawei\5341\5341\产经广场\2012\5\16766.txt
[2016-08-07 15:37:47]	Open file failed 
[2016-08-07 15:37:47]	D:\NLPIR\feedback\huawei\5341\5341\产经广场\2012\5\16766.txt
[2016-08-07 15:38:02]	Open file failed 
[2016-08-07 15:38:02]	D:\NLPIR\feedback\huawei\5341\5341\产经广场\2012\5\16766.txt
[2016-08-07 15:58:56]	开 q->key_n
[2016-08-07 15:58:56]	开开 nz->key_n
[2016-08-07 15:58:56]	打开 v->key_n
[2016-08-07 15:58:56]	开启 v->key_n
[2016-08-07 15:58:56]	启动 v->key_n
[2016-08-07 15:58:56]	关 n->key_n
[2016-08-07 15:58:56]	关闭 v->key_n
[2016-08-07 15:58:56]	关掉 v->key_n
[2016-08-07 15:58:56]	关上 v->key_n
[2016-08-07 15:58:56]	停止 v->key_n
[2016-08-07 16:01:58]	开 q->key_n
[2016-08-07 16:01:58]	开开 nz->key_n
[2016-08-07 16:01:58]	打开 v->key_n
[2016-08-07 16:01:58]	开启 v->key_n
[2016-08-07 16:01:58]	启动 v->key_n
[2016-08-07 16:01:58]	关 n->key_n
[2016-08-07 16:01:58]	关闭 v->key_n
[2016-08-07 16:01:58]	关掉 v->key_n
[2016-08-07 16:01:58]	关上 v->key_n
[2016-08-07 16:01:58]	停止 v->key_n
[2016-08-07 16:02:17]	开 q->key_n
[2016-08-07 16:02:17]	开开 nz->key_n
[2016-08-07 16:02:17]	打开 v->key_n
[2016-08-07 16:02:17]	开启 v->key_n
[2016-08-07 16:02:17]	启动 v->key_n
[2016-08-07 16:02:17]	关 n->key_n
[2016-08-07 16:02:17]	关闭 v->key_n
[2016-08-07 16:02:17]	关掉 v->key_n
[2016-08-07 16:02:17]	关上 v->key_n
[2016-08-07 16:02:17]	停止 v->key_n
[2016-08-07 16:03:08]	开 q->key
[2016-08-07 16:03:08]	开开 nz->key
[2016-08-07 16:03:08]	打开 v->key
[2016-08-07 16:03:08]	开启 v->key
[2016-08-07 16:03:08]	启动 v->key
[2016-08-07 16:03:08]	关 n->key
[2016-08-07 16:03:08]	关闭 v->key
[2016-08-07 16:03:08]	关掉 v->key
[2016-08-07 16:03:08]	关上 v->key
[2016-08-07 16:03:08]	停止 v->key
[2016-08-07 16:07:21]	开 q->key
[2016-08-07 16:07:21]	开开 nz->key
[2016-08-07 16:07:21]	打开 v->key
[2016-08-07 16:07:21]	开启 v->key
[2016-08-07 16:07:21]	启动 v->key
[2016-08-07 16:07:21]	关 n->key
[2016-08-07 16:07:21]	关闭 v->key
[2016-08-07 16:07:21]	关掉 v->key
[2016-08-07 16:07:21]	关上 v->key
[2016-08-07 16:07:21]	停止 v->key
[2016-08-07 16:08:59]	开 q->key
[2016-08-07 16:08:59]	开开 nz->key
[2016-08-07 16:08:59]	打开 v->key
[2016-08-07 16:08:59]	开启 v->key
[2016-08-07 16:08:59]	启动 v->key
[2016-08-07 16:08:59]	关 n->key
[2016-08-07 16:08:59]	关闭 v->key
[2016-08-07 16:08:59]	关掉 v->key
[2016-08-07 16:08:59]	关上 v->key
[2016-08-07 16:08:59]	停止 v->key
[2016-08-07 16:09:15]	开 q->key
[2016-08-07 16:09:15]	开开 nz->key
[2016-08-07 16:09:15]	打开 v->key
[2016-08-07 16:09:15]	开启 v->key
[2016-08-07 16:09:15]	启动 v->key
[2016-08-07 16:09:15]	关 n->key
[2016-08-07 16:09:15]	关闭 v->key
[2016-08-07 16:09:15]	关掉 v->key
[2016-08-07 16:09:15]	关上 v->key
[2016-08-07 16:09:15]	停止 v->key
[2016-08-07 16:18:20]	开 q->key
[2016-08-07 16:18:20]	开开 nz->key
[2016-08-07 16:18:20]	打开 v->key
[2016-08-07 16:18:20]	开启 v->key
[2016-08-07 16:18:20]	启动 v->key
[2016-08-07 16:18:20]	关 n->key
[2016-08-07 16:18:20]	关闭 v->key
[2016-08-07 16:18:20]	关掉 v->key
[2016-08-07 16:18:20]	关上 v->key
[2016-08-07 16:18:20]	停止 v->key
[2016-08-07 20:15:33]	开 q->key
[2016-08-07 20:15:33]	开开 nz->key
[2016-08-07 20:15:33]	打开 v->key
[2016-08-07 20:15:33]	开启 v->key
[2016-08-07 20:15:33]	启动 v->key
[2016-08-07 20:15:33]	关 n->key
[2016-08-07 20:15:33]	关闭 v->key
[2016-08-07 20:15:33]	关掉 v->key
[2016-08-07 20:15:33]	关上 v->key
[2016-08-07 20:15:33]	停止 v->key
[2016-08-07 20:23:54]	开 q->key
[2016-08-07 20:23:54]	开开 nz->key
[2016-08-07 20:23:54]	打开 v->key
[2016-08-07 20:23:54]	开启 v->key
[2016-08-07 20:23:54]	启动 v->key
[2016-08-07 20:23:54]	关 n->key
[2016-08-07 20:23:54]	关闭 v->key
[2016-08-07 20:23:54]	关掉 v->key
[2016-08-07 20:23:54]	关上 v->key
[2016-08-07 20:23:54]	停止 v->key
[2016-08-07 20:24:42]	开 q->key
[2016-08-07 20:24:42]	开开 nz->key
[2016-08-07 20:24:42]	打开 v->key
[2016-08-07 20:24:42]	开启 v->key
[2016-08-07 20:24:42]	启动 v->key
[2016-08-07 20:24:42]	关 n->key
[2016-08-07 20:24:42]	关闭 v->key
[2016-08-07 20:24:42]	关掉 v->key
[2016-08-07 20:24:42]	关上 v->key
[2016-08-07 20:24:42]	停止 v->key
