[2016-08-08 11:22:05]	开 q->key
[2016-08-08 11:22:05]	开开 nz->key
[2016-08-08 11:22:05]	打开 v->key
[2016-08-08 11:22:05]	开启 v->key
[2016-08-08 11:22:05]	启动 v->key
[2016-08-08 11:22:05]	关 n->key
[2016-08-08 11:22:05]	关闭 v->key
[2016-08-08 11:22:05]	关掉 v->key
[2016-08-08 11:22:05]	关上 v->key
[2016-08-08 11:22:05]	停止 v->key
[2016-08-08 11:25:34]	开 q->key
[2016-08-08 11:25:34]	开开 nz->key
[2016-08-08 11:25:34]	打开 v->key
[2016-08-08 11:25:34]	开启 v->key
[2016-08-08 11:25:34]	启动 v->key
[2016-08-08 11:25:34]	关 n->key
[2016-08-08 11:25:34]	关闭 v->key
[2016-08-08 11:25:34]	关掉 v->key
[2016-08-08 11:25:34]	关上 v->key
[2016-08-08 11:25:34]	停止 v->key
