[2016-08-16 09:35:11]	开 q->key
[2016-08-16 09:35:11]	开开 nz->key
[2016-08-16 09:35:11]	打开 v->key
[2016-08-16 09:35:11]	开启 v->key
[2016-08-16 09:35:11]	启动 v->key
[2016-08-16 09:35:11]	关 n->key
[2016-08-16 09:35:11]	关闭 v->key
[2016-08-16 09:35:11]	关掉 v->key
[2016-08-16 09:35:11]	关上 v->key
[2016-08-16 09:35:11]	停止 v->key
[2016-08-16 11:00:51]	开 q->key
[2016-08-16 11:00:51]	开开 nz->key
[2016-08-16 11:00:51]	打开 v->key
[2016-08-16 11:00:51]	开启 v->key
[2016-08-16 11:00:51]	启动 v->key
[2016-08-16 11:00:51]	关 n->key
[2016-08-16 11:00:51]	关闭 v->key
[2016-08-16 11:00:51]	关掉 v->key
[2016-08-16 11:00:51]	关上 v->key
[2016-08-16 11:00:51]	停止 v->key
