[2016-08-14 09:59:42]	开 q->key
[2016-08-14 09:59:42]	开开 nz->key
[2016-08-14 09:59:42]	打开 v->key
[2016-08-14 09:59:42]	开启 v->key
[2016-08-14 09:59:42]	启动 v->key
[2016-08-14 09:59:42]	关 n->key
[2016-08-14 09:59:42]	关闭 v->key
[2016-08-14 09:59:42]	关掉 v->key
[2016-08-14 09:59:42]	关上 v->key
[2016-08-14 09:59:42]	停止 v->key
[2016-08-14 15:57:25]	开 q->key
[2016-08-14 15:57:25]	开开 nz->key
[2016-08-14 15:57:25]	打开 v->key
[2016-08-14 15:57:25]	开启 v->key
[2016-08-14 15:57:25]	启动 v->key
[2016-08-14 15:57:25]	关 n->key
[2016-08-14 15:57:25]	关闭 v->key
[2016-08-14 15:57:25]	关掉 v->key
[2016-08-14 15:57:25]	关上 v->key
[2016-08-14 15:57:25]	停止 v->key
[2016-08-14 15:57:54]	开 q->key
[2016-08-14 15:57:54]	开开 nz->key
[2016-08-14 15:57:54]	打开 v->key
[2016-08-14 15:57:54]	开启 v->key
[2016-08-14 15:57:54]	启动 v->key
[2016-08-14 15:57:54]	关 n->key
[2016-08-14 15:57:54]	关闭 v->key
[2016-08-14 15:57:54]	关掉 v->key
[2016-08-14 15:57:54]	关上 v->key
[2016-08-14 15:57:54]	停止 v->key
