[2016-08-07 13:12:18]	Cannot open file 
[2016-08-07 13:12:18]	D:\NLPIR\JnaTest_NLPIR\NLPIR\Data\KeyBlackList.pdat
[2016-08-07 13:15:27]	Cannot open file 
[2016-08-07 13:15:27]	D:\NLPIR\JnaTest_NLPIR\NLPIR\Data\KeyBlackList.pdat
[2016-08-07 13:15:35]	Cannot open file 
[2016-08-07 13:15:35]	D:\NLPIR\JnaTest_NLPIR\NLPIR\Data\KeyBlackList.pdat
[2016-08-07 13:17:42]	Cannot open file 
[2016-08-07 13:17:42]	D:\NLPIR\JnaTest_NLPIR\NLPIR\Data\KeyBlackList.pdat
[2016-08-07 13:20:15]	Cannot open file 
[2016-08-07 13:20:15]	D:\NLPIR\JnaTest_NLPIR\NLPIR\Data\KeyBlackList.pdat
[2016-08-07 13:20:34]	Cannot open file 
[2016-08-07 13:20:34]	D:\NLPIR\JnaTest_NLPIR\NLPIR\Data\KeyBlackList.pdat
[2016-08-07 13:20:52]	Cannot open file 
[2016-08-07 13:20:52]	D:\NLPIR\JnaTest_NLPIR\NLPIR\Data\KeyBlackList.pdat
[2016-08-07 13:21:18]	Cannot open file 
[2016-08-07 13:21:18]	D:\NLPIR\JnaTest_NLPIR\NLPIR\Data\KeyBlackList.pdat
[2016-08-07 13:24:04]	Cannot open file 
[2016-08-07 13:24:04]	D:\NLPIR\JnaTest_NLPIR\NLPIR\Data\KeyBlackList.pdat
[2016-08-07 13:24:17]	Cannot open file 
[2016-08-07 13:24:17]	D:\NLPIR\JnaTest_NLPIR\NLPIR\Data\KeyBlackList.pdat
[2016-08-07 13:24:30]	Cannot open file 
[2016-08-07 13:24:30]	D:\NLPIR\JnaTest_NLPIR\NLPIR\Data\KeyBlackList.pdat
[2016-08-07 13:24:42]	Cannot open file 
[2016-08-07 13:24:42]	D:\NLPIR\JnaTest_NLPIR\NLPIR\Data\KeyBlackList.pdat
[2016-08-07 13:27:31]	Cannot open file 
[2016-08-07 13:27:31]	D:\NLPIR\JnaTest_NLPIR\NLPIR\Data\KeyBlackList.pdat
[2016-08-07 13:27:50]	Cannot open file 
[2016-08-07 13:27:50]	D:\NLPIR\JnaTest_NLPIR\NLPIR\Data\KeyBlackList.pdat
[2016-08-07 13:28:11]	Cannot open file 
[2016-08-07 13:28:11]	D:\NLPIR\JnaTest_NLPIR\NLPIR\Data\KeyBlackList.pdat
[2016-08-07 13:30:38]	Cannot open file 
[2016-08-07 13:30:38]	D:\NLPIR\JnaTest_NLPIR\NLPIR\Data\KeyBlackList.pdat
[2016-08-07 13:30:49]	Cannot open file 
[2016-08-07 13:30:49]	D:\NLPIR\JnaTest_NLPIR\NLPIR\Data\KeyBlackList.pdat
[2016-08-07 15:17:04]	Cannot open file 
[2016-08-07 15:17:04]	D:\NLPIR\JnaTest_NLPIR\NLPIR\Data\KeyBlackList.pdat
[2016-08-07 15:17:34]	Cannot open file 
[2016-08-07 15:17:34]	D:\NLPIR\JnaTest_NLPIR\NLPIR\Data\KeyBlackList.pdat
[2016-08-07 15:18:03]	Cannot open file 
[2016-08-07 15:18:03]	D:\NLPIR\JnaTest_NLPIR\NLPIR\Data\KeyBlackList.pdat
[2016-08-07 15:18:20]	Cannot open file 
[2016-08-07 15:18:20]	D:\NLPIR\JnaTest_NLPIR\NLPIR\Data\KeyBlackList.pdat
[2016-08-07 15:20:36]	Cannot open file 
[2016-08-07 15:20:36]	D:\NLPIR\JnaTest_NLPIR\NLPIR\Data\KeyBlackList.pdat
[2016-08-07 15:21:12]	Cannot open file 
[2016-08-07 15:21:12]	D:\NLPIR\JnaTest_NLPIR\NLPIR\Data\KeyBlackList.pdat
[2016-08-07 15:21:27]	Cannot open file 
[2016-08-07 15:21:27]	D:\NLPIR\JnaTest_NLPIR\NLPIR\Data\KeyBlackList.pdat
[2016-08-07 15:28:16]	Cannot open file 
[2016-08-07 15:28:16]	D:\NLPIR\JnaTest_NLPIR\NLPIR\Data\KeyBlackList.pdat
[2016-08-07 15:28:39]	Cannot open file 
[2016-08-07 15:28:39]	D:\NLPIR\JnaTest_NLPIR\NLPIR\Data\KeyBlackList.pdat
[2016-08-07 15:28:51]	Cannot open file 
[2016-08-07 15:28:51]	D:\NLPIR\JnaTest_NLPIR\NLPIR\Data\KeyBlackList.pdat
[2016-08-07 15:29:08]	Cannot open file 
[2016-08-07 15:29:08]	D:\NLPIR\JnaTest_NLPIR\NLPIR\Data\KeyBlackList.pdat
[2016-08-07 15:29:23]	Cannot open file 
[2016-08-07 15:29:23]	D:\NLPIR\JnaTest_NLPIR\NLPIR\Data\KeyBlackList.pdat
[2016-08-07 15:29:55]	Cannot open file 
[2016-08-07 15:29:55]	D:\NLPIR\JnaTest_NLPIR\NLPIR\Data\KeyBlackList.pdat
[2016-08-07 15:30:16]	Cannot open file 
[2016-08-07 15:30:16]	D:\NLPIR\JnaTest_NLPIR\NLPIR\Data\KeyBlackList.pdat
[2016-08-07 15:30:24]	Cannot open file 
[2016-08-07 15:30:24]	D:\NLPIR\JnaTest_NLPIR\NLPIR\Data\KeyBlackList.pdat
[2016-08-07 15:30:58]	Cannot open file 
[2016-08-07 15:30:58]	D:\NLPIR\JnaTest_NLPIR\NLPIR\Data\KeyBlackList.pdat
[2016-08-07 15:31:24]	Cannot open file 
[2016-08-07 15:31:24]	D:\NLPIR\JnaTest_NLPIR\NLPIR\Data\KeyBlackList.pdat
[2016-08-07 15:32:13]	Cannot open file 
[2016-08-07 15:32:13]	D:\NLPIR\JnaTest_NLPIR\NLPIR\Data\KeyBlackList.pdat
[2016-08-07 15:37:25]	Cannot open file 
[2016-08-07 15:37:25]	D:\NLPIR\JnaTest_NLPIR\NLPIR\Data\KeyBlackList.pdat
[2016-08-07 15:37:47]	Cannot open file 
[2016-08-07 15:37:47]	D:\NLPIR\JnaTest_NLPIR\NLPIR\Data\KeyBlackList.pdat
[2016-08-07 15:38:02]	Cannot open file 
[2016-08-07 15:38:02]	D:\NLPIR\JnaTest_NLPIR\NLPIR\Data\KeyBlackList.pdat
[2016-08-07 15:54:31]	Cannot open file 
[2016-08-07 15:54:31]	D:\NLPIR\JnaTest_NLPIR\NLPIR\Data\KeyBlackList.pdat
[2016-08-07 15:55:23]	Cannot open file 
[2016-08-07 15:55:23]	D:\NLPIR\JnaTest_NLPIR\NLPIR\Data\KeyBlackList.pdat
[2016-08-07 15:56:21]	Cannot open file 
[2016-08-07 15:56:21]	D:\NLPIR\JnaTest_NLPIR\NLPIR\Data\KeyBlackList.pdat
[2016-08-07 15:58:29]	Cannot open file 
[2016-08-07 15:58:29]	D:\NLPIR\JnaTest_NLPIR\NLPIR\Data\KeyBlackList.pdat
[2016-08-07 15:58:56]	Cannot open file 
[2016-08-07 15:58:56]	D:\NLPIR\JnaTest_NLPIR\NLPIR\Data\KeyBlackList.pdat
[2016-08-07 16:01:58]	Cannot open file 
[2016-08-07 16:01:58]	D:\NLPIR\JnaTest_NLPIR\NLPIR\Data\KeyBlackList.pdat
[2016-08-07 16:02:17]	Cannot open file 
[2016-08-07 16:02:17]	D:\NLPIR\JnaTest_NLPIR\NLPIR\Data\KeyBlackList.pdat
[2016-08-07 16:03:08]	Cannot open file 
[2016-08-07 16:03:08]	D:\NLPIR\JnaTest_NLPIR\NLPIR\Data\KeyBlackList.pdat
[2016-08-07 16:07:21]	Cannot open file 
[2016-08-07 16:07:21]	D:\NLPIR\JnaTest_NLPIR\NLPIR\Data\KeyBlackList.pdat
[2016-08-07 16:08:59]	Cannot open file 
[2016-08-07 16:08:59]	D:\NLPIR\JnaTest_NLPIR\NLPIR\Data\KeyBlackList.pdat
[2016-08-07 16:09:15]	Cannot open file 
[2016-08-07 16:09:15]	D:\NLPIR\JnaTest_NLPIR\NLPIR\Data\KeyBlackList.pdat
[2016-08-07 16:10:04]	Cannot open file 
[2016-08-07 16:10:04]	D:\NLPIR\JnaTest_NLPIR\NLPIR\Data\KeyBlackList.pdat
[2016-08-07 16:18:20]	Cannot open file 
[2016-08-07 16:18:20]	D:\NLPIR\JnaTest_NLPIR\NLPIR\Data\KeyBlackList.pdat
[2016-08-07 17:42:12]	Cannot open file 
[2016-08-07 17:42:12]	NLPIR\NLPIR\Data\KeyBlackList.pdat
[2016-08-07 17:44:11]	Cannot open file 
[2016-08-07 17:44:11]	NLPIR\NLPIR\Data\KeyBlackList.pdat
[2016-08-07 17:49:30]	Cannot open file 
[2016-08-07 17:49:30]	NLPIR\NLPIR\Data\KeyBlackList.pdat
[2016-08-07 19:19:23]	Cannot open file 
[2016-08-07 19:19:23]	NLPIR/NLPIR\Data\KeyBlackList.pdat
[2016-08-07 20:15:33]	Cannot open file 
[2016-08-07 20:15:33]	NLPIR\Data\KeyBlackList.pdat
[2016-08-07 20:23:54]	Cannot open file 
[2016-08-07 20:23:54]	NLPIR\Data\KeyBlackList.pdat
[2016-08-07 20:24:42]	Cannot open file 
[2016-08-07 20:24:42]	NLPIR\Data\KeyBlackList.pdat
